<?xml version="1.0" encoding="UTF-8"?>
<!-- Generated by org.testng.reporters.JUnitReportReporter -->
<testsuite skipped="0" hostname="C-5CG8202KZJ" name="listenerDemo.TestCase2" tests="1" failures="0" timestamp="2020-06-20T14:09:43 EDT" time="9.044" errors="0">
  <testcase name="login" time="9.044" classname="listenerDemo.TestCase2"/>
</testsuite> <!-- listenerDemo.TestCase2 -->
