<?xml version="1.0" encoding="UTF-8"?>
<!-- Generated by org.testng.reporters.JUnitReportReporter -->
<testsuite skipped="0" hostname="C-5CG8202KZJ" name="listenerDemo.TestCase_ExtentReport" tests="1" failures="0" timestamp="2020-06-20T16:20:37 EDT" time="8.433" errors="0">
  <testcase name="login" time="8.433" classname="listenerDemo.TestCase_ExtentReport"/>
</testsuite> <!-- listenerDemo.TestCase_ExtentReport -->
