<?xml version="1.0" encoding="UTF-8"?>
<!-- Generated by org.testng.reporters.JUnitReportReporter -->
<testsuite skipped="0" hostname="C-5CG8202KZJ" name="listenerDemo.TestCase_ExtentReport" tests="1" failures="0" timestamp="20 Jun 2020 20:18:33 GMT" time="7.100" errors="0">
  <testcase name="login" time="7.100" classname="listenerDemo.TestCase_ExtentReport"/>
</testsuite> <!-- listenerDemo.TestCase_ExtentReport -->
