<?xml version="1.0" encoding="UTF-8"?>
<!-- Generated by org.testng.reporters.JUnitReportReporter -->
<testsuite skipped="0" hostname="C-5CG8202KZJ" name="listenerDemo.TestCase" tests="1" failures="0" timestamp="20 Jun 2020 20:18:33 GMT" time="8.152" errors="0">
  <testcase name="login" time="8.152" classname="listenerDemo.TestCase"/>
</testsuite> <!-- listenerDemo.TestCase -->
