<?xml version="1.0" encoding="UTF-8"?>
<!-- Generated by org.testng.reporters.JUnitReportReporter -->
<testsuite skipped="0" hostname="C-5CG8202KZJ" name="listenerDemo.TestCase2" tests="1" failures="0" timestamp="20 Jun 2020 20:18:33 GMT" time="6.520" errors="0">
  <testcase name="login" time="6.520" classname="listenerDemo.TestCase2"/>
</testsuite> <!-- listenerDemo.TestCase2 -->
